[INFO] Scanning for projects...
[INFO] 
[INFO] --------------------< com.aushadh:aushadh-backend >---------------------
[INFO] Building aushadh-backend 0.0.1-SNAPSHOT
[INFO]   from pom.xml
[INFO] --------------------------------[ jar ]---------------------------------
[INFO] 
[INFO] --- clean:3.5.0:clean (default-clean) @ aushadh-backend ---
[INFO] Deleting C:\Users\Charan Varma\OneDrive\Desktop\AUSHADH\backend\aushadh-backend\target
[INFO] ------------------------------------------------------------------------
[INFO] BUILD FAILURE
[INFO] ------------------------------------------------------------------------
[INFO] Total time:  3.160 s
[INFO] Finished at: 2026-03-25T09:18:31+05:30
[INFO] ------------------------------------------------------------------------
[ERROR] Failed to execute goal org.apache.maven.plugins:maven-clean-plugin:3.5.0:clean (default-clean) on project aushadh-backend: Failed to clean project: Failed to delete C:\Users\Charan Varma\OneDrive\Desktop\AUSHADH\backend\aushadh-backend\target\classes\META-INF\maven\com.aushadh\aushadh-backend -> [Help 1]
[ERROR] 
[ERROR] To see the full stack trace of the errors, re-run Maven with the -e switch.
[ERROR] Re-run Maven using the -X switch to enable full debug logging.
[ERROR] 
[ERROR] For more information about the errors and possible solutions, please read the following articles:
[ERROR] [Help 1] http://cwiki.apache.org/confluence/display/MAVEN/MojoExecutionException
